<?xml version="1.0" encoding="UTF-8"?>
<!-- Generated by org.testng.reporters.JUnitXMLReporter -->
<testsuite hostname="DESKTOP-TA869E3" ignored="0" name="chrometest" tests="2" failures="0" timestamp="19 Apr 2020 01:51:18 GMT" time="50.812" errors="0">
  <testcase name="SearchCustomerbyName" time="13.474" classname="com.nopcommerce.testCases.TC_SearchCustomerByName_005"/>
  <testcase name="searchCustomerbyEmail" time="13.403" classname="com.nopcommerce.testCases.TC_SearchCustomerByEmail_004"/>
</testsuite> <!-- chrometest -->
