<?xml version="1.0" encoding="UTF-8"?>
<!-- Generated by org.testng.reporters.JUnitXMLReporter -->
<testsuite hostname="DESKTOP-TA869E3" ignored="0" name="firefoxtest" tests="2" failures="0" timestamp="19 Apr 2020 01:55:51 GMT" time="50.853" errors="0">
  <testcase name="SearchCustomerbyName" time="12.864" classname="com.nopcommerce.testCases.TC_SearchCustomerByName_005"/>
  <testcase name="searchCustomerbyEmail" time="11.325" classname="com.nopcommerce.testCases.TC_SearchCustomerByEmail_004"/>
</testsuite> <!-- firefoxtest -->
