<?xml version="1.0" encoding="UTF-8"?>
<testng-results skipped="0" failed="0" ignored="0" total="1" passed="1">
  <reporter-output>
  </reporter-output>
  <suite name="nopcommerce" duration-ms="20342" started-at="2020-04-21T21:14:29Z" finished-at="2020-04-21T21:14:49Z">
    <groups>
    </groups>
    <test name="chrometest" duration-ms="20342" started-at="2020-04-21T21:14:29Z" finished-at="2020-04-21T21:14:49Z">
      <class name="com.nopcommerce.testCases.TC_LoginTest_001">
        <test-method status="PASS" signature="setup(java.lang.String)[pri:0, instance:com.nopcommerce.testCases.TC_LoginTest_001@619713e5]" name="setup" is-config="true" duration-ms="11930" started-at="2020-04-21T21:14:29Z" finished-at="2020-04-21T21:14:41Z">
          <params>
            <param index="0">
              <value>
                <![CDATA[chrome]]>
              </value>
            </param>
          </params>
          <reporter-output>
          </reporter-output>
        </test-method> <!-- setup -->
        <test-method status="PASS" signature="loginTest()[pri:0, instance:com.nopcommerce.testCases.TC_LoginTest_001@619713e5]" name="loginTest" duration-ms="6856" started-at="2020-04-21T21:14:41Z" finished-at="2020-04-21T21:14:48Z">
          <reporter-output>
          </reporter-output>
        </test-method> <!-- loginTest -->
        <test-method status="PASS" signature="tearDown()[pri:0, instance:com.nopcommerce.testCases.TC_LoginTest_001@619713e5]" name="tearDown" is-config="true" duration-ms="1352" started-at="2020-04-21T21:14:48Z" finished-at="2020-04-21T21:14:49Z">
          <reporter-output>
          </reporter-output>
        </test-method> <!-- tearDown -->
      </class> <!-- com.nopcommerce.testCases.TC_LoginTest_001 -->
    </test> <!-- chrometest -->
  </suite> <!-- nopcommerce -->
</testng-results>
