<?xml version="1.0" encoding="UTF-8"?>
<testng-results skipped="0" failed="0" ignored="0" total="2" passed="2">
  <reporter-output>
  </reporter-output>
  <suite name="nopcommerce" duration-ms="50853" started-at="2020-04-19T01:55:00Z" finished-at="2020-04-19T01:55:51Z">
    <groups>
    </groups>
    <test name="firefoxtest" duration-ms="50853" started-at="2020-04-19T01:55:00Z" finished-at="2020-04-19T01:55:51Z">
      <class name="com.nopcommerce.testCases.TC_SearchCustomerByEmail_004">
        <test-method status="PASS" signature="setup(java.lang.String)[pri:0, instance:com.nopcommerce.testCases.TC_SearchCustomerByEmail_004@4988d8b8]" name="setup" is-config="true" duration-ms="6733" started-at="2020-04-19T01:55:31Z" finished-at="2020-04-19T01:55:38Z">
          <params>
            <param index="0">
              <value>
                <![CDATA[firefox]]>
              </value>
            </param>
          </params>
          <reporter-output>
          </reporter-output>
        </test-method> <!-- setup -->
        <test-method status="PASS" signature="searchCustomerbyEmail()[pri:1, instance:com.nopcommerce.testCases.TC_SearchCustomerByEmail_004@4988d8b8]" name="searchCustomerbyEmail" duration-ms="11325" started-at="2020-04-19T01:55:38Z" finished-at="2020-04-19T01:55:49Z">
          <reporter-output>
          </reporter-output>
        </test-method> <!-- searchCustomerbyEmail -->
        <test-method status="PASS" signature="tearDown()[pri:0, instance:com.nopcommerce.testCases.TC_SearchCustomerByEmail_004@4988d8b8]" name="tearDown" is-config="true" duration-ms="2197" started-at="2020-04-19T01:55:49Z" finished-at="2020-04-19T01:55:51Z">
          <reporter-output>
          </reporter-output>
        </test-method> <!-- tearDown -->
      </class> <!-- com.nopcommerce.testCases.TC_SearchCustomerByEmail_004 -->
      <class name="com.nopcommerce.testCases.TC_SearchCustomerByName_005">
        <test-method status="PASS" signature="setup(java.lang.String)[pri:0, instance:com.nopcommerce.testCases.TC_SearchCustomerByName_005@63475ace]" name="setup" is-config="true" duration-ms="15290" started-at="2020-04-19T01:55:00Z" finished-at="2020-04-19T01:55:16Z">
          <params>
            <param index="0">
              <value>
                <![CDATA[firefox]]>
              </value>
            </param>
          </params>
          <reporter-output>
          </reporter-output>
        </test-method> <!-- setup -->
        <test-method status="PASS" signature="SearchCustomerbyName()[pri:1, instance:com.nopcommerce.testCases.TC_SearchCustomerByName_005@63475ace]" name="SearchCustomerbyName" duration-ms="12864" started-at="2020-04-19T01:55:16Z" finished-at="2020-04-19T01:55:29Z">
          <reporter-output>
          </reporter-output>
        </test-method> <!-- SearchCustomerbyName -->
        <test-method status="PASS" signature="tearDown()[pri:0, instance:com.nopcommerce.testCases.TC_SearchCustomerByName_005@63475ace]" name="tearDown" is-config="true" duration-ms="2209" started-at="2020-04-19T01:55:29Z" finished-at="2020-04-19T01:55:31Z">
          <reporter-output>
          </reporter-output>
        </test-method> <!-- tearDown -->
      </class> <!-- com.nopcommerce.testCases.TC_SearchCustomerByName_005 -->
    </test> <!-- firefoxtest -->
  </suite> <!-- nopcommerce -->
</testng-results>
